DEPRECATION WARNING: prepend_before_filter is deprecated and will be removed in Rails 5.1. Use prepend_before_action instead. (called from <top (required)> at /home/nick/Diploma/Diploma/config/environment.rb:5)
Started GET "/" for 127.0.0.1 at 2016-11-09 21:09:13 +0300
  
ActiveRecord::PendingMigrationError (

Migrations are pending. To resolve this issue, run:

	bin/rails db:migrate RAILS_ENV=development

):
  
activerecord (5.0.0.1) lib/active_record/migration.rb:572:in `check_pending!'
activerecord (5.0.0.1) lib/active_record/migration.rb:548:in `call'
actionpack (5.0.0.1) lib/action_dispatch/middleware/callbacks.rb:38:in `block in call'
activesupport (5.0.0.1) lib/active_support/callbacks.rb:97:in `__run_callbacks__'
activesupport (5.0.0.1) lib/active_support/callbacks.rb:750:in `_run_call_callbacks'
activesupport (5.0.0.1) lib/active_support/callbacks.rb:90:in `run_callbacks'
actionpack (5.0.0.1) lib/action_dispatch/middleware/callbacks.rb:36:in `call'
actionpack (5.0.0.1) lib/action_dispatch/middleware/executor.rb:12:in `call'
actionpack (5.0.0.1) lib/action_dispatch/middleware/remote_ip.rb:79:in `call'
actionpack (5.0.0.1) lib/action_dispatch/middleware/debug_exceptions.rb:49:in `call'
web-console (3.3.1) lib/web_console/middleware.rb:131:in `call_app'
web-console (3.3.1) lib/web_console/middleware.rb:28:in `block in call'
web-console (3.3.1) lib/web_console/middleware.rb:18:in `catch'
web-console (3.3.1) lib/web_console/middleware.rb:18:in `call'
actionpack (5.0.0.1) lib/action_dispatch/middleware/show_exceptions.rb:31:in `call'
railties (5.0.0.1) lib/rails/rack/logger.rb:36:in `call_app'
railties (5.0.0.1) lib/rails/rack/logger.rb:24:in `block in call'
activesupport (5.0.0.1) lib/active_support/tagged_logging.rb:70:in `block in tagged'
activesupport (5.0.0.1) lib/active_support/tagged_logging.rb:26:in `tagged'
activesupport (5.0.0.1) lib/active_support/tagged_logging.rb:70:in `tagged'
railties (5.0.0.1) lib/rails/rack/logger.rb:24:in `call'
sprockets-rails (3.2.0) lib/sprockets/rails/quiet_assets.rb:13:in `call'
request_store (1.3.1) lib/request_store/middleware.rb:9:in `call'
actionpack (5.0.0.1) lib/action_dispatch/middleware/request_id.rb:24:in `call'
rack (2.0.1) lib/rack/method_override.rb:22:in `call'
rack (2.0.1) lib/rack/runtime.rb:22:in `call'
activesupport (5.0.0.1) lib/active_support/cache/strategy/local_cache_middleware.rb:28:in `call'
actionpack (5.0.0.1) lib/action_dispatch/middleware/executor.rb:12:in `call'
actionpack (5.0.0.1) lib/action_dispatch/middleware/static.rb:136:in `call'
rack (2.0.1) lib/rack/sendfile.rb:111:in `call'
railties (5.0.0.1) lib/rails/engine.rb:522:in `call'
puma (3.6.0) lib/puma/configuration.rb:225:in `call'
puma (3.6.0) lib/puma/server.rb:578:in `handle_request'
puma (3.6.0) lib/puma/server.rb:415:in `process_client'
puma (3.6.0) lib/puma/server.rb:275:in `block in run'
puma (3.6.0) lib/puma/thread_pool.rb:116:in `call'
puma (3.6.0) lib/puma/thread_pool.rb:116:in `block in spawn_thread'
  Rendering /home/nick/.rvm/gems/ruby-2.2.2/gems/actionpack-5.0.0.1/lib/action_dispatch/middleware/templates/rescues/diagnostics.html.erb within rescues/layout
  Rendering /home/nick/.rvm/gems/ruby-2.2.2/gems/actionpack-5.0.0.1/lib/action_dispatch/middleware/templates/rescues/_source.html.erb
  Rendered /home/nick/.rvm/gems/ruby-2.2.2/gems/actionpack-5.0.0.1/lib/action_dispatch/middleware/templates/rescues/_source.html.erb (7.6ms)
  Rendering /home/nick/.rvm/gems/ruby-2.2.2/gems/actionpack-5.0.0.1/lib/action_dispatch/middleware/templates/rescues/_trace.html.erb
  Rendered /home/nick/.rvm/gems/ruby-2.2.2/gems/actionpack-5.0.0.1/lib/action_dispatch/middleware/templates/rescues/_trace.html.erb (2.9ms)
  Rendering /home/nick/.rvm/gems/ruby-2.2.2/gems/actionpack-5.0.0.1/lib/action_dispatch/middleware/templates/rescues/_request_and_response.html.erb
  Rendered /home/nick/.rvm/gems/ruby-2.2.2/gems/actionpack-5.0.0.1/lib/action_dispatch/middleware/templates/rescues/_request_and_response.html.erb (1.3ms)
  Rendered /home/nick/.rvm/gems/ruby-2.2.2/gems/actionpack-5.0.0.1/lib/action_dispatch/middleware/templates/rescues/diagnostics.html.erb within rescues/layout (87.9ms)
DEPRECATION WARNING: prepend_before_filter is deprecated and will be removed in Rails 5.1. Use prepend_before_action instead. (called from <top (required)> at /home/nick/Diploma/Diploma/config/environment.rb:5)
  [1m[35m (116.7ms)[0m  [1m[35mCREATE TABLE "schema_migrations" ("version" character varying PRIMARY KEY)[0m
  [1m[35m (115.7ms)[0m  [1m[35mCREATE TABLE "ar_internal_metadata" ("key" character varying PRIMARY KEY, "value" character varying, "created_at" timestamp NOT NULL, "updated_at" timestamp NOT NULL)[0m
  [1m[35m (0.4ms)[0m  [1m[34mSELECT pg_try_advisory_lock(5743853149600904940);[0m
  [1m[36mActiveRecord::SchemaMigration Load (0.9ms)[0m  [1m[34mSELECT "schema_migrations".* FROM "schema_migrations"[0m
Migrating to SorceryCore (20160918170931)
  [1m[35m (0.3ms)[0m  [1m[35mBEGIN[0m
DEPRECATION WARNING: Directly inheriting from ActiveRecord::Migration is deprecated. Please specify the Rails release the migration was written for:

  class SorceryCore < ActiveRecord::Migration[4.2] (called from load at /home/nick/.rvm/gems/ruby-2.2.2/bin/rake:23)
  [1m[35m (105.5ms)[0m  [1m[35mCREATE TABLE "users" ("id" serial primary key, "email" character varying NOT NULL, "crypted_password" character varying, "salt" character varying, "created_at" timestamp, "updated_at" timestamp)[0m
  [1m[35m (40.9ms)[0m  [1m[35mCREATE UNIQUE INDEX  "index_users_on_email" ON "users"  ("email")[0m
  [1m[35mSQL (0.8ms)[0m  [1m[32mINSERT INTO "schema_migrations" ("version") VALUES ($1) RETURNING "version"[0m  [["version", "20160918170931"]]
  [1m[35m (16.8ms)[0m  [1m[35mCOMMIT[0m
Migrating to SorceryRememberMe (20160918170932)
  [1m[35m (0.3ms)[0m  [1m[35mBEGIN[0m
DEPRECATION WARNING: Directly inheriting from ActiveRecord::Migration is deprecated. Please specify the Rails release the migration was written for:

  class SorceryRememberMe < ActiveRecord::Migration[4.2] (called from load at /home/nick/.rvm/gems/ruby-2.2.2/bin/rake:23)
  [1m[35m (0.6ms)[0m  [1m[35mALTER TABLE "users" ADD "remember_me_token" character varying[0m
  [1m[35m (0.3ms)[0m  [1m[35mALTER TABLE "users" ADD "remember_me_token_expires_at" timestamp[0m
  [1m[35m (58.5ms)[0m  [1m[35mCREATE  INDEX  "index_users_on_remember_me_token" ON "users"  ("remember_me_token")[0m
  [1m[35mSQL (0.7ms)[0m  [1m[32mINSERT INTO "schema_migrations" ("version") VALUES ($1) RETURNING "version"[0m  [["version", "20160918170932"]]
  [1m[35m (22.7ms)[0m  [1m[35mCOMMIT[0m
Migrating to SorceryResetPassword (20160918170933)
  [1m[35m (0.2ms)[0m  [1m[35mBEGIN[0m
DEPRECATION WARNING: Directly inheriting from ActiveRecord::Migration is deprecated. Please specify the Rails release the migration was written for:

  class SorceryResetPassword < ActiveRecord::Migration[4.2] (called from load at /home/nick/.rvm/gems/ruby-2.2.2/bin/rake:23)
  [1m[35m (0.6ms)[0m  [1m[35mALTER TABLE "users" ADD "reset_password_token" character varying[0m
  [1m[35m (0.5ms)[0m  [1m[35mALTER TABLE "users" ADD "reset_password_token_expires_at" timestamp[0m
  [1m[35m (0.4ms)[0m  [1m[35mALTER TABLE "users" ADD "reset_password_email_sent_at" timestamp[0m
  [1m[35m (67.7ms)[0m  [1m[35mCREATE  INDEX  "index_users_on_reset_password_token" ON "users"  ("reset_password_token")[0m
  [1m[35mSQL (0.6ms)[0m  [1m[32mINSERT INTO "schema_migrations" ("version") VALUES ($1) RETURNING "version"[0m  [["version", "20160918170933"]]
  [1m[35m (21.5ms)[0m  [1m[35mCOMMIT[0m
Migrating to SorceryUserActivation (20160918170934)
  [1m[35m (0.2ms)[0m  [1m[35mBEGIN[0m
DEPRECATION WARNING: Directly inheriting from ActiveRecord::Migration is deprecated. Please specify the Rails release the migration was written for:

  class SorceryUserActivation < ActiveRecord::Migration[4.2] (called from load at /home/nick/.rvm/gems/ruby-2.2.2/bin/rake:23)
  [1m[35m (0.5ms)[0m  [1m[35mALTER TABLE "users" ADD "activation_state" character varying[0m
  [1m[35m (0.4ms)[0m  [1m[35mALTER TABLE "users" ADD "activation_token" character varying[0m
  [1m[35m (0.5ms)[0m  [1m[35mALTER TABLE "users" ADD "activation_token_expires_at" timestamp[0m
  [1m[35m (46.5ms)[0m  [1m[35mCREATE  INDEX  "index_users_on_activation_token" ON "users"  ("activation_token")[0m
  [1m[35mSQL (0.4ms)[0m  [1m[32mINSERT INTO "schema_migrations" ("version") VALUES ($1) RETURNING "version"[0m  [["version", "20160918170934"]]
  [1m[35m (21.0ms)[0m  [1m[35mCOMMIT[0m
  [1m[36mActiveRecord::InternalMetadata Load (0.8ms)[0m  [1m[34mSELECT  "ar_internal_metadata".* FROM "ar_internal_metadata" WHERE "ar_internal_metadata"."key" = $1 LIMIT $2[0m  [["key", :environment], ["LIMIT", 1]]
  [1m[35m (0.3ms)[0m  [1m[35mBEGIN[0m
  [1m[35mSQL (0.8ms)[0m  [1m[32mINSERT INTO "ar_internal_metadata" ("key", "value", "created_at", "updated_at") VALUES ($1, $2, $3, $4) RETURNING "key"[0m  [["key", "environment"], ["value", "development"], ["created_at", 2016-11-09 18:09:34 UTC], ["updated_at", 2016-11-09 18:09:34 UTC]]
  [1m[35m (12.8ms)[0m  [1m[35mCOMMIT[0m
  [1m[35m (0.4ms)[0m  [1m[34mSELECT pg_advisory_unlock(5743853149600904940)[0m
  [1m[36mActiveRecord::SchemaMigration Load (0.3ms)[0m  [1m[34mSELECT "schema_migrations".* FROM "schema_migrations"[0m
  [1m[35m (4.6ms)[0m  [1m[34mSELECT t2.oid::regclass::text AS to_table, a1.attname AS column, a2.attname AS primary_key, c.conname AS name, c.confupdtype AS on_update, c.confdeltype AS on_delete
FROM pg_constraint c
JOIN pg_class t1 ON c.conrelid = t1.oid
JOIN pg_class t2 ON c.confrelid = t2.oid
JOIN pg_attribute a1 ON a1.attnum = c.conkey[1] AND a1.attrelid = t1.oid
JOIN pg_attribute a2 ON a2.attnum = c.confkey[1] AND a2.attrelid = t2.oid
JOIN pg_namespace t3 ON c.connamespace = t3.oid
WHERE c.contype = 'f'
  AND t1.relname = 'users'
  AND t3.nspname = ANY (current_schemas(false))
ORDER BY c.conname
[0m
Started GET "/" for 127.0.0.1 at 2016-11-09 21:09:36 +0300
  [1m[36mActiveRecord::SchemaMigration Load (0.9ms)[0m  [1m[34mSELECT "schema_migrations".* FROM "schema_migrations"[0m
Processing by UsersController#index as HTML
  Rendering users/index.html.haml within layouts/application
  [1m[36mUser Load (1.3ms)[0m  [1m[34mSELECT "users".* FROM "users"[0m
  Rendered users/index.html.haml within layouts/application (10.6ms)
  [1m[36mUser Load (1.9ms)[0m  [1m[34mSELECT  "users".* FROM "users" WHERE "users"."remember_me_token" = $1 ORDER BY "users"."id" ASC LIMIT $2[0m  [["remember_me_token", "fFxTdKdNRLJxNxuNenDD"], ["LIMIT", 1]]
Completed 200 OK in 1121ms (Views: 980.6ms | ActiveRecord: 11.0ms)


Started GET "/" for 127.0.0.1 at 2016-11-09 21:16:13 +0300
Processing by UsersController#index as HTML
  Rendering users/index.html.haml within layouts/application
  [1m[36mUser Load (1.2ms)[0m  [1m[34mSELECT "users".* FROM "users"[0m
  Rendered users/index.html.haml within layouts/application (7.3ms)
  [1m[36mUser Load (1.9ms)[0m  [1m[34mSELECT  "users".* FROM "users" WHERE "users"."remember_me_token" = $1 ORDER BY "users"."id" ASC LIMIT $2[0m  [["remember_me_token", "fFxTdKdNRLJxNxuNenDD"], ["LIMIT", 1]]
Completed 200 OK in 80ms (Views: 71.6ms | ActiveRecord: 3.1ms)


Started GET "/" for 127.0.0.1 at 2016-11-09 21:23:39 +0300
Processing by UsersController#index as HTML
  Rendering users/index.html.haml within layouts/application
  [1m[36mUser Load (0.7ms)[0m  [1m[34mSELECT "users".* FROM "users"[0m
  Rendered users/index.html.haml within layouts/application (16.4ms)
  [1m[36mUser Load (1.0ms)[0m  [1m[34mSELECT  "users".* FROM "users" WHERE "users"."remember_me_token" = $1 ORDER BY "users"."id" ASC LIMIT $2[0m  [["remember_me_token", "fFxTdKdNRLJxNxuNenDD"], ["LIMIT", 1]]
Completed 200 OK in 130ms (Views: 124.5ms | ActiveRecord: 1.7ms)


Started GET "/" for 127.0.0.1 at 2016-11-09 21:23:44 +0300
Processing by UsersController#index as HTML
  Rendering users/index.html.haml within layouts/application
  [1m[36mUser Load (0.5ms)[0m  [1m[34mSELECT "users".* FROM "users"[0m
  Rendered users/index.html.haml within layouts/application (7.7ms)
  [1m[36mUser Load (0.8ms)[0m  [1m[34mSELECT  "users".* FROM "users" WHERE "users"."remember_me_token" = $1 ORDER BY "users"."id" ASC LIMIT $2[0m  [["remember_me_token", "fFxTdKdNRLJxNxuNenDD"], ["LIMIT", 1]]
Completed 200 OK in 47ms (Views: 42.2ms | ActiveRecord: 1.4ms)


Started GET "/" for 127.0.0.1 at 2016-11-09 21:23:45 +0300
Processing by UsersController#index as HTML
  Rendering users/index.html.haml within layouts/application
  [1m[36mUser Load (1.1ms)[0m  [1m[34mSELECT "users".* FROM "users"[0m
  Rendered users/index.html.haml within layouts/application (8.5ms)
  [1m[36mUser Load (1.3ms)[0m  [1m[34mSELECT  "users".* FROM "users" WHERE "users"."remember_me_token" = $1 ORDER BY "users"."id" ASC LIMIT $2[0m  [["remember_me_token", "fFxTdKdNRLJxNxuNenDD"], ["LIMIT", 1]]
Completed 200 OK in 50ms (Views: 43.3ms | ActiveRecord: 2.4ms)


Started GET "/" for 127.0.0.1 at 2016-11-09 21:23:46 +0300
Processing by UsersController#index as HTML
  Rendering users/index.html.haml within layouts/application
  [1m[36mUser Load (1.1ms)[0m  [1m[34mSELECT "users".* FROM "users"[0m
  Rendered users/index.html.haml within layouts/application (9.1ms)
  [1m[36mUser Load (1.5ms)[0m  [1m[34mSELECT  "users".* FROM "users" WHERE "users"."remember_me_token" = $1 ORDER BY "users"."id" ASC LIMIT $2[0m  [["remember_me_token", "fFxTdKdNRLJxNxuNenDD"], ["LIMIT", 1]]
Completed 200 OK in 46ms (Views: 39.8ms | ActiveRecord: 2.6ms)


Started GET "/" for 127.0.0.1 at 2016-11-09 21:24:07 +0300
Processing by UsersController#index as HTML
  Rendering users/index.html.haml within layouts/application
  [1m[36mUser Load (0.5ms)[0m  [1m[34mSELECT "users".* FROM "users"[0m
  Rendered users/index.html.haml within layouts/application (5.7ms)
  [1m[36mUser Load (0.9ms)[0m  [1m[34mSELECT  "users".* FROM "users" WHERE "users"."remember_me_token" = $1 ORDER BY "users"."id" ASC LIMIT $2[0m  [["remember_me_token", "fFxTdKdNRLJxNxuNenDD"], ["LIMIT", 1]]
Completed 200 OK in 43ms (Views: 39.6ms | ActiveRecord: 1.5ms)


Started GET "/" for 127.0.0.1 at 2016-11-09 21:24:08 +0300
Processing by UsersController#index as HTML
  Rendering users/index.html.haml within layouts/application
  [1m[36mUser Load (0.5ms)[0m  [1m[34mSELECT "users".* FROM "users"[0m
  Rendered users/index.html.haml within layouts/application (6.1ms)
  [1m[36mUser Load (1.0ms)[0m  [1m[34mSELECT  "users".* FROM "users" WHERE "users"."remember_me_token" = $1 ORDER BY "users"."id" ASC LIMIT $2[0m  [["remember_me_token", "fFxTdKdNRLJxNxuNenDD"], ["LIMIT", 1]]
Completed 200 OK in 41ms (Views: 37.3ms | ActiveRecord: 1.4ms)


DEPRECATION WARNING: prepend_before_filter is deprecated and will be removed in Rails 5.1. Use prepend_before_action instead. (called from <top (required)> at /home/nick/Diploma/Diploma/config/environment.rb:5)
Started GET "/" for 127.0.0.1 at 2016-11-09 21:25:18 +0300
  [1m[36mActiveRecord::SchemaMigration Load (0.7ms)[0m  [1m[34mSELECT "schema_migrations".* FROM "schema_migrations"[0m
Processing by UsersController#index as HTML
  Rendering users/index.html.haml within layouts/application
  [1m[36mUser Load (1.2ms)[0m  [1m[34mSELECT "users".* FROM "users"[0m
  Rendered users/index.html.haml within layouts/application (15.6ms)
  [1m[36mUser Load (1.6ms)[0m  [1m[34mSELECT  "users".* FROM "users" WHERE "users"."remember_me_token" = $1 ORDER BY "users"."id" ASC LIMIT $2[0m  [["remember_me_token", "fFxTdKdNRLJxNxuNenDD"], ["LIMIT", 1]]
Completed 200 OK in 431ms (Views: 374.2ms | ActiveRecord: 9.8ms)


Started GET "/" for 127.0.0.1 at 2016-11-09 21:25:21 +0300
Processing by UsersController#index as HTML
  Rendering users/index.html.haml within layouts/application
  [1m[36mUser Load (0.6ms)[0m  [1m[34mSELECT "users".* FROM "users"[0m
  Rendered users/index.html.haml within layouts/application (7.0ms)
  [1m[36mUser Load (0.6ms)[0m  [1m[34mSELECT  "users".* FROM "users" WHERE "users"."remember_me_token" = $1 ORDER BY "users"."id" ASC LIMIT $2[0m  [["remember_me_token", "fFxTdKdNRLJxNxuNenDD"], ["LIMIT", 1]]
Completed 200 OK in 50ms (Views: 45.2ms | ActiveRecord: 1.2ms)


Started GET "/" for 127.0.0.1 at 2016-11-09 21:25:28 +0300
Processing by UsersController#index as HTML
  Rendering users/index.html.haml within layouts/application
  [1m[36mUser Load (1.1ms)[0m  [1m[34mSELECT "users".* FROM "users"[0m
  Rendered users/index.html.haml within layouts/application (24.4ms)
  [1m[36mUser Load (2.1ms)[0m  [1m[34mSELECT  "users".* FROM "users" WHERE "users"."remember_me_token" = $1 ORDER BY "users"."id" ASC LIMIT $2[0m  [["remember_me_token", "fFxTdKdNRLJxNxuNenDD"], ["LIMIT", 1]]
Completed 200 OK in 90ms (Views: 83.7ms | ActiveRecord: 3.2ms)


Started GET "/" for 127.0.0.1 at 2016-11-09 21:25:58 +0300
Processing by UsersController#index as HTML
  Rendering users/index.html.haml within layouts/application
  [1m[36mUser Load (1.2ms)[0m  [1m[34mSELECT "users".* FROM "users"[0m
  Rendered users/index.html.haml within layouts/application (10.7ms)
Completed 500 Internal Server Error in 81ms (ActiveRecord: 1.2ms)


  
ActionView::Template::Error (Missing partial shared/_navbar12321 with {:locale=>[:en], :formats=>[:html], :variants=>[], :handlers=>[:raw, :erb, :html, :builder, :ruby, :coffee, :jbuilder, :haml]}. Searched in:
  * "/home/nick/Diploma/Diploma/app/views"
  * "/home/nick/.rvm/gems/ruby-2.2.2/gems/kaminari-bootstrap-3.0.1/app/views"
  * "/home/nick/.rvm/gems/ruby-2.2.2/gems/kaminari-0.17.0/app/views"
):
     9:   </head>
    10: 
    11:   <body>
    12:   <%= render "shared/navbar12321" %>
    13:     <div id="nav">
    14:       <% if current_user %>
    15:         <%= link_to "Edit Profile", edit_user_path(current_user.id) %>
  
app/views/layouts/application.html.erb:12:in `_app_views_layouts_application_html_erb___1118050881107485316_70177268130920'
  Rendering /home/nick/.rvm/gems/ruby-2.2.2/gems/actionpack-5.0.0.1/lib/action_dispatch/middleware/templates/rescues/template_error.html.erb within rescues/layout
  Rendering /home/nick/.rvm/gems/ruby-2.2.2/gems/actionpack-5.0.0.1/lib/action_dispatch/middleware/templates/rescues/_source.html.erb
  Rendered /home/nick/.rvm/gems/ruby-2.2.2/gems/actionpack-5.0.0.1/lib/action_dispatch/middleware/templates/rescues/_source.html.erb (11.1ms)
  Rendering /home/nick/.rvm/gems/ruby-2.2.2/gems/actionpack-5.0.0.1/lib/action_dispatch/middleware/templates/rescues/_trace.html.erb
  Rendered /home/nick/.rvm/gems/ruby-2.2.2/gems/actionpack-5.0.0.1/lib/action_dispatch/middleware/templates/rescues/_trace.html.erb (4.2ms)
  Rendering /home/nick/.rvm/gems/ruby-2.2.2/gems/actionpack-5.0.0.1/lib/action_dispatch/middleware/templates/rescues/_request_and_response.html.erb
  Rendered /home/nick/.rvm/gems/ruby-2.2.2/gems/actionpack-5.0.0.1/lib/action_dispatch/middleware/templates/rescues/_request_and_response.html.erb (1.3ms)
  Rendered /home/nick/.rvm/gems/ruby-2.2.2/gems/actionpack-5.0.0.1/lib/action_dispatch/middleware/templates/rescues/template_error.html.erb within rescues/layout (38.1ms)
Started GET "/" for 127.0.0.1 at 2016-11-09 21:26:02 +0300
Processing by UsersController#index as HTML
  Rendering users/index.html.haml within layouts/application
  [1m[36mUser Load (0.6ms)[0m  [1m[34mSELECT "users".* FROM "users"[0m
  Rendered users/index.html.haml within layouts/application (7.5ms)
  Rendered shared/_navbar.html.erb (0.6ms)
  [1m[36mUser Load (0.7ms)[0m  [1m[34mSELECT  "users".* FROM "users" WHERE "users"."remember_me_token" = $1 ORDER BY "users"."id" ASC LIMIT $2[0m  [["remember_me_token", "fFxTdKdNRLJxNxuNenDD"], ["LIMIT", 1]]
Completed 200 OK in 59ms (Views: 55.0ms | ActiveRecord: 1.3ms)


Started GET "/" for 127.0.0.1 at 2016-11-09 21:26:17 +0300
Processing by UsersController#index as HTML
  Rendering users/index.html.haml within layouts/application
  [1m[36mUser Load (0.6ms)[0m  [1m[34mSELECT "users".* FROM "users"[0m
  Rendered users/index.html.haml within layouts/application (6.4ms)
  Rendered shared/_navbar.html.erb (0.6ms)
  [1m[36mUser Load (1.5ms)[0m  [1m[34mSELECT  "users".* FROM "users" WHERE "users"."remember_me_token" = $1 ORDER BY "users"."id" ASC LIMIT $2[0m  [["remember_me_token", "fFxTdKdNRLJxNxuNenDD"], ["LIMIT", 1]]
Completed 200 OK in 45ms (Views: 39.5ms | ActiveRecord: 2.2ms)


Started GET "/" for 127.0.0.1 at 2016-11-09 21:26:33 +0300
Processing by UsersController#index as HTML
  Rendering users/index.html.haml within layouts/application
  [1m[36mUser Load (0.5ms)[0m  [1m[34mSELECT "users".* FROM "users"[0m
  Rendered users/index.html.haml within layouts/application (6.0ms)
  Rendered shared/_navbar.html.erb (0.6ms)
  [1m[36mUser Load (0.9ms)[0m  [1m[34mSELECT  "users".* FROM "users" WHERE "users"."remember_me_token" = $1 ORDER BY "users"."id" ASC LIMIT $2[0m  [["remember_me_token", "fFxTdKdNRLJxNxuNenDD"], ["LIMIT", 1]]
Completed 200 OK in 53ms (Views: 49.0ms | ActiveRecord: 1.4ms)


Started GET "/" for 127.0.0.1 at 2016-11-09 21:26:36 +0300
Processing by UsersController#index as HTML
  Rendering users/index.html.haml within layouts/application
  [1m[36mUser Load (0.6ms)[0m  [1m[34mSELECT "users".* FROM "users"[0m
  Rendered users/index.html.haml within layouts/application (5.5ms)
  Rendered shared/_navbar.html.erb (0.6ms)
  [1m[36mUser Load (0.8ms)[0m  [1m[34mSELECT  "users".* FROM "users" WHERE "users"."remember_me_token" = $1 ORDER BY "users"."id" ASC LIMIT $2[0m  [["remember_me_token", "fFxTdKdNRLJxNxuNenDD"], ["LIMIT", 1]]
Completed 200 OK in 45ms (Views: 41.9ms | ActiveRecord: 1.4ms)


Started GET "/" for 127.0.0.1 at 2016-11-09 21:26:38 +0300
Processing by UsersController#index as HTML
  Rendering users/index.html.haml within layouts/application
  [1m[36mUser Load (0.5ms)[0m  [1m[34mSELECT "users".* FROM "users"[0m
  Rendered users/index.html.haml within layouts/application (9.4ms)
  Rendered shared/_navbar.html.erb (0.8ms)
  [1m[36mUser Load (0.6ms)[0m  [1m[34mSELECT  "users".* FROM "users" WHERE "users"."remember_me_token" = $1 ORDER BY "users"."id" ASC LIMIT $2[0m  [["remember_me_token", "fFxTdKdNRLJxNxuNenDD"], ["LIMIT", 1]]
Completed 200 OK in 55ms (Views: 51.2ms | ActiveRecord: 1.1ms)


Started GET "/" for 127.0.0.1 at 2016-11-09 21:27:30 +0300
Processing by UsersController#index as HTML
  Rendering users/index.html.haml within layouts/application
  [1m[36mUser Load (0.6ms)[0m  [1m[34mSELECT "users".* FROM "users"[0m
  Rendered users/index.html.haml within layouts/application (6.7ms)
  Rendered shared/_navbar.html.erb (0.6ms)
  [1m[36mUser Load (0.9ms)[0m  [1m[34mSELECT  "users".* FROM "users" WHERE "users"."remember_me_token" = $1 ORDER BY "users"."id" ASC LIMIT $2[0m  [["remember_me_token", "fFxTdKdNRLJxNxuNenDD"], ["LIMIT", 1]]
Completed 200 OK in 48ms (Views: 43.4ms | ActiveRecord: 1.6ms)


Started GET "/" for 127.0.0.1 at 2016-11-09 21:27:33 +0300
Processing by UsersController#index as HTML
  Rendering users/index.html.haml within layouts/application
  [1m[36mUser Load (0.5ms)[0m  [1m[34mSELECT "users".* FROM "users"[0m
  Rendered users/index.html.haml within layouts/application (6.4ms)
  Rendered shared/_navbar.html.erb (0.5ms)
  [1m[36mUser Load (0.8ms)[0m  [1m[34mSELECT  "users".* FROM "users" WHERE "users"."remember_me_token" = $1 ORDER BY "users"."id" ASC LIMIT $2[0m  [["remember_me_token", "fFxTdKdNRLJxNxuNenDD"], ["LIMIT", 1]]
Completed 200 OK in 44ms (Views: 40.9ms | ActiveRecord: 1.3ms)


Started GET "/" for 127.0.0.1 at 2016-11-09 21:27:34 +0300
Processing by UsersController#index as HTML
  Rendering users/index.html.haml within layouts/application
  [1m[36mUser Load (0.7ms)[0m  [1m[34mSELECT "users".* FROM "users"[0m
  Rendered users/index.html.haml within layouts/application (7.7ms)
  Rendered shared/_navbar.html.erb (0.6ms)
  [1m[36mUser Load (0.8ms)[0m  [1m[34mSELECT  "users".* FROM "users" WHERE "users"."remember_me_token" = $1 ORDER BY "users"."id" ASC LIMIT $2[0m  [["remember_me_token", "fFxTdKdNRLJxNxuNenDD"], ["LIMIT", 1]]
Completed 200 OK in 46ms (Views: 42.6ms | ActiveRecord: 1.6ms)


Started GET "/" for 127.0.0.1 at 2016-11-09 21:27:36 +0300
Processing by UsersController#index as HTML
  Rendering users/index.html.haml within layouts/application
  [1m[36mUser Load (1.0ms)[0m  [1m[34mSELECT "users".* FROM "users"[0m
  Rendered users/index.html.haml within layouts/application (7.3ms)
  Rendered shared/_navbar.html.erb (0.7ms)
  [1m[36mUser Load (1.9ms)[0m  [1m[34mSELECT  "users".* FROM "users" WHERE "users"."remember_me_token" = $1 ORDER BY "users"."id" ASC LIMIT $2[0m  [["remember_me_token", "fFxTdKdNRLJxNxuNenDD"], ["LIMIT", 1]]
Completed 200 OK in 53ms (Views: 46.7ms | ActiveRecord: 2.9ms)


Started GET "/" for 127.0.0.1 at 2016-11-09 21:30:38 +0300
Processing by UsersController#index as HTML
  Rendering users/index.html.haml within layouts/application
  [1m[36mUser Load (0.6ms)[0m  [1m[34mSELECT "users".* FROM "users"[0m
  Rendered users/index.html.haml within layouts/application (6.3ms)
  Rendered shared/_navbar.html.erb (0.7ms)
  [1m[36mUser Load (1.0ms)[0m  [1m[34mSELECT  "users".* FROM "users" WHERE "users"."remember_me_token" = $1 ORDER BY "users"."id" ASC LIMIT $2[0m  [["remember_me_token", "fFxTdKdNRLJxNxuNenDD"], ["LIMIT", 1]]
Completed 200 OK in 187ms (Views: 182.9ms | ActiveRecord: 1.5ms)


Started GET "/" for 127.0.0.1 at 2016-11-09 21:30:41 +0300
Processing by UsersController#index as HTML
  Rendering users/index.html.haml within layouts/application
  [1m[36mUser Load (0.8ms)[0m  [1m[34mSELECT "users".* FROM "users"[0m
  Rendered users/index.html.haml within layouts/application (8.2ms)
  Rendered shared/_navbar.html.erb (0.6ms)
  [1m[36mUser Load (0.9ms)[0m  [1m[34mSELECT  "users".* FROM "users" WHERE "users"."remember_me_token" = $1 ORDER BY "users"."id" ASC LIMIT $2[0m  [["remember_me_token", "fFxTdKdNRLJxNxuNenDD"], ["LIMIT", 1]]
Completed 200 OK in 73ms (Views: 69.6ms | ActiveRecord: 1.7ms)


Started GET "/" for 127.0.0.1 at 2016-11-09 21:31:06 +0300
Processing by UsersController#index as HTML
  Rendering users/index.html.haml within layouts/application
  [1m[36mUser Load (0.6ms)[0m  [1m[34mSELECT "users".* FROM "users"[0m
  Rendered users/index.html.haml within layouts/application (5.9ms)
  Rendered shared/_navbar.html.erb (0.6ms)
  [1m[36mUser Load (0.8ms)[0m  [1m[34mSELECT  "users".* FROM "users" WHERE "users"."remember_me_token" = $1 ORDER BY "users"."id" ASC LIMIT $2[0m  [["remember_me_token", "fFxTdKdNRLJxNxuNenDD"], ["LIMIT", 1]]
Completed 200 OK in 4541ms (Views: 4537.9ms | ActiveRecord: 1.4ms)


Started GET "/" for 127.0.0.1 at 2016-11-09 21:36:03 +0300
Processing by UsersController#index as HTML
  Rendering users/index.html.haml within layouts/application
  [1m[36mUser Load (0.5ms)[0m  [1m[34mSELECT "users".* FROM "users"[0m
  Rendered users/index.html.haml within layouts/application (7.1ms)
  Rendered shared/_navbar.html.erb (0.9ms)
  [1m[36mUser Load (0.9ms)[0m  [1m[34mSELECT  "users".* FROM "users" WHERE "users"."remember_me_token" = $1 ORDER BY "users"."id" ASC LIMIT $2[0m  [["remember_me_token", "fFxTdKdNRLJxNxuNenDD"], ["LIMIT", 1]]
Completed 200 OK in 157ms (Views: 152.9ms | ActiveRecord: 1.5ms)


Started GET "/users/new" for 127.0.0.1 at 2016-11-09 21:36:22 +0300
Processing by UsersController#new as HTML
  Rendering users/new.html.haml within layouts/application
  Rendered users/_form.html.haml (280.5ms)
  Rendered users/new.html.haml within layouts/application (283.4ms)
  Rendered shared/_navbar.html.erb (0.6ms)
  [1m[36mUser Load (0.9ms)[0m  [1m[34mSELECT  "users".* FROM "users" WHERE "users"."remember_me_token" = $1 ORDER BY "users"."id" ASC LIMIT $2[0m  [["remember_me_token", "fFxTdKdNRLJxNxuNenDD"], ["LIMIT", 1]]
Completed 200 OK in 378ms (Views: 359.1ms | ActiveRecord: 0.9ms)


Started GET "/login" for 127.0.0.1 at 2016-11-09 21:36:24 +0300
Processing by UserSessionsController#new as HTML
  Rendering user_sessions/new.html.haml within layouts/application
  Rendered user_sessions/_form.html.haml (5.1ms)
  Rendered user_sessions/new.html.haml within layouts/application (8.1ms)
  Rendered shared/_navbar.html.erb (0.6ms)
  [1m[36mUser Load (0.8ms)[0m  [1m[34mSELECT  "users".* FROM "users" WHERE "users"."remember_me_token" = $1 ORDER BY "users"."id" ASC LIMIT $2[0m  [["remember_me_token", "fFxTdKdNRLJxNxuNenDD"], ["LIMIT", 1]]
Completed 200 OK in 92ms (Views: 88.2ms | ActiveRecord: 0.8ms)


Started GET "/users/new" for 127.0.0.1 at 2016-11-09 21:36:24 +0300
Processing by UsersController#new as HTML
  Rendering users/new.html.haml within layouts/application
  Rendered users/_form.html.haml (6.3ms)
  Rendered users/new.html.haml within layouts/application (8.9ms)
  Rendered shared/_navbar.html.erb (0.7ms)
  [1m[36mUser Load (1.7ms)[0m  [1m[34mSELECT  "users".* FROM "users" WHERE "users"."remember_me_token" = $1 ORDER BY "users"."id" ASC LIMIT $2[0m  [["remember_me_token", "fFxTdKdNRLJxNxuNenDD"], ["LIMIT", 1]]
Completed 200 OK in 94ms (Views: 88.9ms | ActiveRecord: 1.7ms)


Started GET "/users" for 127.0.0.1 at 2016-11-09 21:36:27 +0300
Processing by UsersController#index as HTML
  Rendering users/index.html.haml within layouts/application
  [1m[36mUser Load (0.6ms)[0m  [1m[34mSELECT "users".* FROM "users"[0m
  Rendered users/index.html.haml within layouts/application (8.9ms)
  Rendered shared/_navbar.html.erb (0.6ms)
  [1m[36mUser Load (0.7ms)[0m  [1m[34mSELECT  "users".* FROM "users" WHERE "users"."remember_me_token" = $1 ORDER BY "users"."id" ASC LIMIT $2[0m  [["remember_me_token", "fFxTdKdNRLJxNxuNenDD"], ["LIMIT", 1]]
Completed 200 OK in 101ms (Views: 96.9ms | ActiveRecord: 1.2ms)


Started GET "/users" for 127.0.0.1 at 2016-11-09 21:39:34 +0300
Processing by UsersController#index as HTML
  Rendering users/index.html.haml within layouts/application
  [1m[36mUser Load (0.6ms)[0m  [1m[34mSELECT "users".* FROM "users"[0m
  Rendered users/index.html.haml within layouts/application (6.9ms)
  Rendered shared/_navbar.html.erb (0.6ms)
  [1m[36mUser Load (0.9ms)[0m  [1m[34mSELECT  "users".* FROM "users" WHERE "users"."remember_me_token" = $1 ORDER BY "users"."id" ASC LIMIT $2[0m  [["remember_me_token", "fFxTdKdNRLJxNxuNenDD"], ["LIMIT", 1]]
Completed 200 OK in 95ms (Views: 91.1ms | ActiveRecord: 1.5ms)


Started GET "/users/new" for 127.0.0.1 at 2016-11-09 21:39:36 +0300
Processing by UsersController#new as HTML
  Rendering users/new.html.haml within layouts/application
  Rendered users/_form.html.haml (6.7ms)
  Rendered users/new.html.haml within layouts/application (9.9ms)
  Rendered shared/_navbar.html.erb (0.5ms)
  [1m[36mUser Load (0.7ms)[0m  [1m[34mSELECT  "users".* FROM "users" WHERE "users"."remember_me_token" = $1 ORDER BY "users"."id" ASC LIMIT $2[0m  [["remember_me_token", "fFxTdKdNRLJxNxuNenDD"], ["LIMIT", 1]]
Completed 200 OK in 98ms (Views: 94.8ms | ActiveRecord: 0.7ms)


Started GET "/users" for 127.0.0.1 at 2016-11-09 21:39:38 +0300
Processing by UsersController#index as HTML
  Rendering users/index.html.haml within layouts/application
  [1m[36mUser Load (0.5ms)[0m  [1m[34mSELECT "users".* FROM "users"[0m
  Rendered users/index.html.haml within layouts/application (7.6ms)
  Rendered shared/_navbar.html.erb (0.5ms)
  [1m[36mUser Load (0.9ms)[0m  [1m[34mSELECT  "users".* FROM "users" WHERE "users"."remember_me_token" = $1 ORDER BY "users"."id" ASC LIMIT $2[0m  [["remember_me_token", "fFxTdKdNRLJxNxuNenDD"], ["LIMIT", 1]]
Completed 200 OK in 111ms (Views: 106.9ms | ActiveRecord: 1.4ms)


DEPRECATION WARNING: prepend_before_filter is deprecated and will be removed in Rails 5.1. Use prepend_before_action instead. (called from <top (required)> at /home/nick/Diploma/Diploma/config/environment.rb:5)
Started GET "/users" for 127.0.0.1 at 2016-11-09 21:40:46 +0300
  [1m[36mActiveRecord::SchemaMigration Load (0.4ms)[0m  [1m[34mSELECT "schema_migrations".* FROM "schema_migrations"[0m
  
ActiveRecord::PendingMigrationError (

Migrations are pending. To resolve this issue, run:

	bin/rails db:migrate RAILS_ENV=development

):
  
activerecord (5.0.0.1) lib/active_record/migration.rb:572:in `check_pending!'
activerecord (5.0.0.1) lib/active_record/migration.rb:548:in `call'
actionpack (5.0.0.1) lib/action_dispatch/middleware/callbacks.rb:38:in `block in call'
activesupport (5.0.0.1) lib/active_support/callbacks.rb:97:in `__run_callbacks__'
activesupport (5.0.0.1) lib/active_support/callbacks.rb:750:in `_run_call_callbacks'
activesupport (5.0.0.1) lib/active_support/callbacks.rb:90:in `run_callbacks'
actionpack (5.0.0.1) lib/action_dispatch/middleware/callbacks.rb:36:in `call'
actionpack (5.0.0.1) lib/action_dispatch/middleware/executor.rb:12:in `call'
actionpack (5.0.0.1) lib/action_dispatch/middleware/remote_ip.rb:79:in `call'
actionpack (5.0.0.1) lib/action_dispatch/middleware/debug_exceptions.rb:49:in `call'
web-console (3.3.1) lib/web_console/middleware.rb:131:in `call_app'
web-console (3.3.1) lib/web_console/middleware.rb:28:in `block in call'
web-console (3.3.1) lib/web_console/middleware.rb:18:in `catch'
web-console (3.3.1) lib/web_console/middleware.rb:18:in `call'
actionpack (5.0.0.1) lib/action_dispatch/middleware/show_exceptions.rb:31:in `call'
railties (5.0.0.1) lib/rails/rack/logger.rb:36:in `call_app'
railties (5.0.0.1) lib/rails/rack/logger.rb:24:in `block in call'
activesupport (5.0.0.1) lib/active_support/tagged_logging.rb:70:in `block in tagged'
activesupport (5.0.0.1) lib/active_support/tagged_logging.rb:26:in `tagged'
activesupport (5.0.0.1) lib/active_support/tagged_logging.rb:70:in `tagged'
railties (5.0.0.1) lib/rails/rack/logger.rb:24:in `call'
sprockets-rails (3.2.0) lib/sprockets/rails/quiet_assets.rb:13:in `call'
request_store (1.3.1) lib/request_store/middleware.rb:9:in `call'
actionpack (5.0.0.1) lib/action_dispatch/middleware/request_id.rb:24:in `call'
rack (2.0.1) lib/rack/method_override.rb:22:in `call'
rack (2.0.1) lib/rack/runtime.rb:22:in `call'
activesupport (5.0.0.1) lib/active_support/cache/strategy/local_cache_middleware.rb:28:in `call'
actionpack (5.0.0.1) lib/action_dispatch/middleware/executor.rb:12:in `call'
actionpack (5.0.0.1) lib/action_dispatch/middleware/static.rb:136:in `call'
rack (2.0.1) lib/rack/sendfile.rb:111:in `call'
railties (5.0.0.1) lib/rails/engine.rb:522:in `call'
puma (3.6.0) lib/puma/configuration.rb:225:in `call'
puma (3.6.0) lib/puma/server.rb:578:in `handle_request'
puma (3.6.0) lib/puma/server.rb:415:in `process_client'
puma (3.6.0) lib/puma/server.rb:275:in `block in run'
puma (3.6.0) lib/puma/thread_pool.rb:116:in `call'
puma (3.6.0) lib/puma/thread_pool.rb:116:in `block in spawn_thread'
  Rendering /home/nick/.rvm/gems/ruby-2.2.2/gems/actionpack-5.0.0.1/lib/action_dispatch/middleware/templates/rescues/diagnostics.html.erb within rescues/layout
  Rendering /home/nick/.rvm/gems/ruby-2.2.2/gems/actionpack-5.0.0.1/lib/action_dispatch/middleware/templates/rescues/_source.html.erb
  Rendered /home/nick/.rvm/gems/ruby-2.2.2/gems/actionpack-5.0.0.1/lib/action_dispatch/middleware/templates/rescues/_source.html.erb (4.3ms)
  Rendering /home/nick/.rvm/gems/ruby-2.2.2/gems/actionpack-5.0.0.1/lib/action_dispatch/middleware/templates/rescues/_trace.html.erb
  Rendered /home/nick/.rvm/gems/ruby-2.2.2/gems/actionpack-5.0.0.1/lib/action_dispatch/middleware/templates/rescues/_trace.html.erb (2.2ms)
  Rendering /home/nick/.rvm/gems/ruby-2.2.2/gems/actionpack-5.0.0.1/lib/action_dispatch/middleware/templates/rescues/_request_and_response.html.erb
  Rendered /home/nick/.rvm/gems/ruby-2.2.2/gems/actionpack-5.0.0.1/lib/action_dispatch/middleware/templates/rescues/_request_and_response.html.erb (1.2ms)
  Rendered /home/nick/.rvm/gems/ruby-2.2.2/gems/actionpack-5.0.0.1/lib/action_dispatch/middleware/templates/rescues/diagnostics.html.erb within rescues/layout (28.7ms)
Started GET "/users" for 127.0.0.1 at 2016-11-09 21:41:02 +0300
Processing by UsersController#index as HTML
  Rendering users/index.html.haml within layouts/application
  [1m[36mUser Load (0.6ms)[0m  [1m[34mSELECT "users".* FROM "users"[0m
  Rendered users/index.html.haml within layouts/application (6.0ms)
  Rendered shared/_navbar.html.erb (0.5ms)
  [1m[36mUser Load (0.5ms)[0m  [1m[34mSELECT  "users".* FROM "users" WHERE "users"."remember_me_token" = $1 ORDER BY "users"."id" ASC LIMIT $2[0m  [["remember_me_token", "fFxTdKdNRLJxNxuNenDD"], ["LIMIT", 1]]
Completed 200 OK in 95ms (Views: 79.3ms | ActiveRecord: 1.4ms)


DEPRECATION WARNING: prepend_before_filter is deprecated and will be removed in Rails 5.1. Use prepend_before_action instead. (called from <top (required)> at /home/nick/Diploma/Diploma/config/environment.rb:5)
DEPRECATION WARNING: prepend_before_filter is deprecated and will be removed in Rails 5.1. Use prepend_before_action instead. (called from <top (required)> at /home/nick/Diploma/Diploma/config/environment.rb:5)
Started GET "/users" for 127.0.0.1 at 2016-11-09 21:41:58 +0300
Processing by UsersController#index as HTML
  Rendering users/index.html.haml within layouts/application
  [1m[36mUser Load (0.6ms)[0m  [1m[34mSELECT "users".* FROM "users"[0m
  Rendered users/index.html.haml within layouts/application (5.9ms)
  Rendered shared/_navbar.html.erb (0.6ms)
  [1m[36mUser Load (0.8ms)[0m  [1m[34mSELECT  "users".* FROM "users" WHERE "users"."remember_me_token" = $1 ORDER BY "users"."id" ASC LIMIT $2[0m  [["remember_me_token", "fFxTdKdNRLJxNxuNenDD"], ["LIMIT", 1]]
Completed 200 OK in 98ms (Views: 83.3ms | ActiveRecord: 1.4ms)


